Build started 12/15/2014 11:07:45 PM.
     1>Project "C:\Users\jacob\documents\visual studio 2012\Projects\2DRPGEngine\2DRPGEngine\2DRPGEngine.vcxproj" on node 2 (Build target(s)).
     1>ClCompile:
         C:\Program Files (x86)\Microsoft Visual Studio 11.0\VC\bin\CL.exe /c /I"C:\Users\jacob\Documents\SFML-2.1\include" /AI"C:\Program Files (x86)\Reference Assemblies\Microsoft\Framework\.NETFramework\v4.5\\" /AI"C:\Program Files (x86)\Windows Kits\8.0\References\CommonConfiguration\Neutral" /AI"C:\Program Files (x86)\Reference Assemblies\Microsoft\Framework\.NETFramework\v4.5\Facades\\" /Zi /clr /nologo /W3 /WX- /Od /Oy- /D WIN32 /D _DEBUG /D _UNICODE /D UNICODE /EHa /MDd /GS /fp:precise /Zc:wchar_t /Zc:forScope /Fo"Debug\\" /Fd"Debug\vc110.pdb" /TP /FU"C:\Program Files (x86)\Reference Assemblies\Microsoft\Framework\.NETFramework\v4.5\mscorlib.dll" /FU"C:\Program Files (x86)\Reference Assemblies\Microsoft\Framework\.NETFramework\v4.5\System.Data.dll" /FU"C:\Program Files (x86)\Reference Assemblies\Microsoft\Framework\.NETFramework\v4.5\System.dll" /FU"C:\Program Files (x86)\Reference Assemblies\Microsoft\Framework\.NETFramework\v4.5\System.Xml.dll" /analyze- /errorReport:prompt /clr:nostdlib Engine.cpp
         Engine.cpp
       Link:
         C:\Program Files (x86)\Microsoft Visual Studio 11.0\VC\bin\link.exe /ERRORREPORT:PROMPT /OUT:"C:\Users\jacob\documents\visual studio 2012\Projects\2DRPGEngine\Debug\2DRPGEngine.exe" /INCREMENTAL /NOLOGO /LIBPATH:"C:\Users\jacob\Documents\SFML-2.1\lib" "sfml-graphics-d.lib" "sfml-window-d.lib" "sfml-system-d.lib" kernel32.lib user32.lib gdi32.lib winspool.lib comdlg32.lib advapi32.lib shell32.lib ole32.lib oleaut32.lib uuid.lib odbc32.lib odbccp32.lib /MANIFEST /MANIFESTUAC:"level='asInvoker' uiAccess='false'" /manifest:embed /DEBUG /PDB:"C:\Users\jacob\documents\visual studio 2012\Projects\2DRPGEngine\Debug\2DRPGEngine.pdb" /ASSEMBLYDEBUG /SUBSYSTEM:CONSOLE /TLBID:1 /DYNAMICBASE /FIXED:NO /NXCOMPAT /MACHINE:X86 Debug\app.res
         Debug\tinyxml2.obj
         Debug\2DRPGEngine.obj
         Debug\AssemblyInfo.obj
         Debug\Component.obj
         Debug\Engine.obj
         Debug\Entity.obj
         Debug\Player.obj
         Debug\SpriteComponent.obj
         Debug\stdafx.obj
         Debug\Tile.obj
         Debug\TiledMap.obj
         "Debug\.NETFramework,Version=v4.5.AssemblyAttributes.obj"
         2DRPGEngine.vcxproj -> C:\Users\jacob\documents\visual studio 2012\Projects\2DRPGEngine\Debug\2DRPGEngine.exe
     1>Done Building Project "C:\Users\jacob\documents\visual studio 2012\Projects\2DRPGEngine\2DRPGEngine\2DRPGEngine.vcxproj" (Build target(s)).

Build succeeded.

Time Elapsed 00:00:04.41
