C:\USERS\JACOB\DOCUMENTS\VISUAL STUDIO 2012\PROJECTS\2DRPGENGINE\2DRPGENGINE\DEBUG\2DRPGENGINE.PCH
C:\USERS\JACOB\DOCUMENTS\VISUAL STUDIO 2012\PROJECTS\2DRPGENGINE\2DRPGENGINE\DEBUG\STDAFX.OBJ
C:\USERS\JACOB\DOCUMENTS\VISUAL STUDIO 2012\PROJECTS\2DRPGENGINE\2DRPGENGINE\DEBUG\VC110.PDB
C:\USERS\JACOB\DOCUMENTS\VISUAL STUDIO 2012\PROJECTS\2DRPGENGINE\2DRPGENGINE\DEBUG\ASSEMBLYINFO.OBJ
C:\USERS\JACOB\DOCUMENTS\VISUAL STUDIO 2012\PROJECTS\2DRPGENGINE\2DRPGENGINE\DEBUG\.NETFRAMEWORK,VERSION=V4.5.ASSEMBLYATTRIBUTES.OBJ
C:\USERS\JACOB\DOCUMENTS\VISUAL STUDIO 2012\PROJECTS\2DRPGENGINE\2DRPGENGINE\DEBUG\TILE.OBJ
C:\USERS\JACOB\DOCUMENTS\VISUAL STUDIO 2012\PROJECTS\2DRPGENGINE\2DRPGENGINE\DEBUG\ENGINE.OBJ
C:\USERS\JACOB\DOCUMENTS\VISUAL STUDIO 2012\PROJECTS\2DRPGENGINE\2DRPGENGINE\DEBUG\2DRPGENGINE.OBJ
C:\USERS\JACOB\DOCUMENTS\VISUAL STUDIO 2012\PROJECTS\2DRPGENGINE\2DRPGENGINE\DEBUG\TINYXML2.OBJ
C:\USERS\JACOB\DOCUMENTS\VISUAL STUDIO 2012\PROJECTS\2DRPGENGINE\2DRPGENGINE\DEBUG\TILEDMAP.OBJ
C:\USERS\JACOB\DOCUMENTS\VISUAL STUDIO 2012\PROJECTS\2DRPGENGINE\DEBUG\2DRPGENGINE.ILK
C:\USERS\JACOB\DOCUMENTS\VISUAL STUDIO 2012\PROJECTS\2DRPGENGINE\DEBUG\2DRPGENGINE.EXE
C:\USERS\JACOB\DOCUMENTS\VISUAL STUDIO 2012\PROJECTS\2DRPGENGINE\DEBUG\2DRPGENGINE.PDB
C:\USERS\JACOB\DOCUMENTS\VISUAL STUDIO 2012\PROJECTS\2DRPGENGINE\2DRPGENGINE\DEBUG\APP.RES
C:\Users\jacob\documents\visual studio 2012\Projects\2DRPGEngine\2DRPGEngine\Debug\2DRPGEngine.vcxprojResolveAssemblyReference.cache
C:\Users\jacob\documents\visual studio 2012\Projects\2DRPGEngine\2DRPGEngine\Debug\.NETFramework,Version=v4.5.AssemblyAttributes.obj
C:\Users\jacob\documents\visual studio 2012\Projects\2DRPGEngine\2DRPGEngine\Debug\2DRPGEngine.obj
C:\Users\jacob\documents\visual studio 2012\Projects\2DRPGEngine\2DRPGEngine\Debug\AssemblyInfo.obj
C:\Users\jacob\documents\visual studio 2012\Projects\2DRPGEngine\2DRPGEngine\Debug\Engine.obj
C:\Users\jacob\documents\visual studio 2012\Projects\2DRPGEngine\2DRPGEngine\Debug\stdafx.obj
C:\Users\jacob\documents\visual studio 2012\Projects\2DRPGEngine\2DRPGEngine\Debug\Tile.obj
C:\Users\jacob\documents\visual studio 2012\Projects\2DRPGEngine\2DRPGEngine\Debug\TiledMap.obj
C:\Users\jacob\documents\visual studio 2012\Projects\2DRPGEngine\2DRPGEngine\Debug\tinyxml2.obj
C:\Users\jacob\documents\visual studio 2012\Projects\2DRPGEngine\2DRPGEngine\Debug\cl.command.1.tlog
C:\Users\jacob\documents\visual studio 2012\Projects\2DRPGEngine\2DRPGEngine\Debug\CL.read.1.tlog
C:\Users\jacob\documents\visual studio 2012\Projects\2DRPGEngine\2DRPGEngine\Debug\CL.write.1.tlog
C:\Users\jacob\documents\visual studio 2012\Projects\2DRPGEngine\2DRPGEngine\Debug\link.1496-cvtres.read.1.tlog
C:\Users\jacob\documents\visual studio 2012\Projects\2DRPGEngine\2DRPGEngine\Debug\link.1496-cvtres.write.1.tlog
C:\Users\jacob\documents\visual studio 2012\Projects\2DRPGEngine\2DRPGEngine\Debug\link.1496-rc.read.1.tlog
C:\Users\jacob\documents\visual studio 2012\Projects\2DRPGEngine\2DRPGEngine\Debug\link.1496-rc.write.1.tlog
C:\Users\jacob\documents\visual studio 2012\Projects\2DRPGEngine\2DRPGEngine\Debug\link.1496.read.1.tlog
C:\Users\jacob\documents\visual studio 2012\Projects\2DRPGEngine\2DRPGEngine\Debug\link.1496.write.1.tlog
C:\Users\jacob\documents\visual studio 2012\Projects\2DRPGEngine\2DRPGEngine\Debug\link.1512-cvtres.read.1.tlog
C:\Users\jacob\documents\visual studio 2012\Projects\2DRPGEngine\2DRPGEngine\Debug\link.1512-cvtres.write.1.tlog
C:\Users\jacob\documents\visual studio 2012\Projects\2DRPGEngine\2DRPGEngine\Debug\link.1512-rc.read.1.tlog
C:\Users\jacob\documents\visual studio 2012\Projects\2DRPGEngine\2DRPGEngine\Debug\link.1512-rc.write.1.tlog
C:\Users\jacob\documents\visual studio 2012\Projects\2DRPGEngine\2DRPGEngine\Debug\link.1512.read.1.tlog
C:\Users\jacob\documents\visual studio 2012\Projects\2DRPGEngine\2DRPGEngine\Debug\link.1512.write.1.tlog
C:\Users\jacob\documents\visual studio 2012\Projects\2DRPGEngine\2DRPGEngine\Debug\link.1872-cvtres.read.1.tlog
C:\Users\jacob\documents\visual studio 2012\Projects\2DRPGEngine\2DRPGEngine\Debug\link.1872-cvtres.write.1.tlog
C:\Users\jacob\documents\visual studio 2012\Projects\2DRPGEngine\2DRPGEngine\Debug\link.1872-rc.read.1.tlog
C:\Users\jacob\documents\visual studio 2012\Projects\2DRPGEngine\2DRPGEngine\Debug\link.1872-rc.write.1.tlog
C:\Users\jacob\documents\visual studio 2012\Projects\2DRPGEngine\2DRPGEngine\Debug\link.1872.read.1.tlog
C:\Users\jacob\documents\visual studio 2012\Projects\2DRPGEngine\2DRPGEngine\Debug\link.1872.write.1.tlog
C:\Users\jacob\documents\visual studio 2012\Projects\2DRPGEngine\2DRPGEngine\Debug\link.1880-cvtres.read.1.tlog
C:\Users\jacob\documents\visual studio 2012\Projects\2DRPGEngine\2DRPGEngine\Debug\link.1880-cvtres.write.1.tlog
C:\Users\jacob\documents\visual studio 2012\Projects\2DRPGEngine\2DRPGEngine\Debug\link.1880-rc.read.1.tlog
C:\Users\jacob\documents\visual studio 2012\Projects\2DRPGEngine\2DRPGEngine\Debug\link.1880-rc.write.1.tlog
C:\Users\jacob\documents\visual studio 2012\Projects\2DRPGEngine\2DRPGEngine\Debug\link.1880.read.1.tlog
C:\Users\jacob\documents\visual studio 2012\Projects\2DRPGEngine\2DRPGEngine\Debug\link.1880.write.1.tlog
C:\Users\jacob\documents\visual studio 2012\Projects\2DRPGEngine\2DRPGEngine\Debug\link.2212-cvtres.read.1.tlog
C:\Users\jacob\documents\visual studio 2012\Projects\2DRPGEngine\2DRPGEngine\Debug\link.2212-cvtres.write.1.tlog
C:\Users\jacob\documents\visual studio 2012\Projects\2DRPGEngine\2DRPGEngine\Debug\link.2212-rc.read.1.tlog
C:\Users\jacob\documents\visual studio 2012\Projects\2DRPGEngine\2DRPGEngine\Debug\link.2212-rc.write.1.tlog
C:\Users\jacob\documents\visual studio 2012\Projects\2DRPGEngine\2DRPGEngine\Debug\link.2212.read.1.tlog
C:\Users\jacob\documents\visual studio 2012\Projects\2DRPGEngine\2DRPGEngine\Debug\link.2212.write.1.tlog
C:\Users\jacob\documents\visual studio 2012\Projects\2DRPGEngine\2DRPGEngine\Debug\link.2616-cvtres.read.1.tlog
C:\Users\jacob\documents\visual studio 2012\Projects\2DRPGEngine\2DRPGEngine\Debug\link.2616-cvtres.write.1.tlog
C:\Users\jacob\documents\visual studio 2012\Projects\2DRPGEngine\2DRPGEngine\Debug\link.2616-rc.read.1.tlog
C:\Users\jacob\documents\visual studio 2012\Projects\2DRPGEngine\2DRPGEngine\Debug\link.2616-rc.write.1.tlog
C:\Users\jacob\documents\visual studio 2012\Projects\2DRPGEngine\2DRPGEngine\Debug\link.2616.read.1.tlog
C:\Users\jacob\documents\visual studio 2012\Projects\2DRPGEngine\2DRPGEngine\Debug\link.2616.write.1.tlog
C:\Users\jacob\documents\visual studio 2012\Projects\2DRPGEngine\2DRPGEngine\Debug\link.2868-cvtres.read.1.tlog
C:\Users\jacob\documents\visual studio 2012\Projects\2DRPGEngine\2DRPGEngine\Debug\link.2868-cvtres.write.1.tlog
C:\Users\jacob\documents\visual studio 2012\Projects\2DRPGEngine\2DRPGEngine\Debug\link.2868-rc.read.1.tlog
C:\Users\jacob\documents\visual studio 2012\Projects\2DRPGEngine\2DRPGEngine\Debug\link.2868-rc.write.1.tlog
C:\Users\jacob\documents\visual studio 2012\Projects\2DRPGEngine\2DRPGEngine\Debug\link.2868.read.1.tlog
C:\Users\jacob\documents\visual studio 2012\Projects\2DRPGEngine\2DRPGEngine\Debug\link.2868.write.1.tlog
C:\Users\jacob\documents\visual studio 2012\Projects\2DRPGEngine\2DRPGEngine\Debug\link.3396-cvtres.read.1.tlog
C:\Users\jacob\documents\visual studio 2012\Projects\2DRPGEngine\2DRPGEngine\Debug\link.3396-cvtres.write.1.tlog
C:\Users\jacob\documents\visual studio 2012\Projects\2DRPGEngine\2DRPGEngine\Debug\link.3396-rc.read.1.tlog
C:\Users\jacob\documents\visual studio 2012\Projects\2DRPGEngine\2DRPGEngine\Debug\link.3396-rc.write.1.tlog
C:\Users\jacob\documents\visual studio 2012\Projects\2DRPGEngine\2DRPGEngine\Debug\link.3396.read.1.tlog
C:\Users\jacob\documents\visual studio 2012\Projects\2DRPGEngine\2DRPGEngine\Debug\link.3396.write.1.tlog
C:\Users\jacob\documents\visual studio 2012\Projects\2DRPGEngine\2DRPGEngine\Debug\link.3424-cvtres.read.1.tlog
C:\Users\jacob\documents\visual studio 2012\Projects\2DRPGEngine\2DRPGEngine\Debug\link.3424-cvtres.write.1.tlog
C:\Users\jacob\documents\visual studio 2012\Projects\2DRPGEngine\2DRPGEngine\Debug\link.3424-rc.read.1.tlog
C:\Users\jacob\documents\visual studio 2012\Projects\2DRPGEngine\2DRPGEngine\Debug\link.3424-rc.write.1.tlog
C:\Users\jacob\documents\visual studio 2012\Projects\2DRPGEngine\2DRPGEngine\Debug\link.3424.read.1.tlog
C:\Users\jacob\documents\visual studio 2012\Projects\2DRPGEngine\2DRPGEngine\Debug\link.3424.write.1.tlog
C:\Users\jacob\documents\visual studio 2012\Projects\2DRPGEngine\2DRPGEngine\Debug\link.3456-cvtres.read.1.tlog
C:\Users\jacob\documents\visual studio 2012\Projects\2DRPGEngine\2DRPGEngine\Debug\link.3456-cvtres.write.1.tlog
C:\Users\jacob\documents\visual studio 2012\Projects\2DRPGEngine\2DRPGEngine\Debug\link.3456-rc.read.1.tlog
C:\Users\jacob\documents\visual studio 2012\Projects\2DRPGEngine\2DRPGEngine\Debug\link.3456-rc.write.1.tlog
C:\Users\jacob\documents\visual studio 2012\Projects\2DRPGEngine\2DRPGEngine\Debug\link.3456.read.1.tlog
C:\Users\jacob\documents\visual studio 2012\Projects\2DRPGEngine\2DRPGEngine\Debug\link.3456.write.1.tlog
C:\Users\jacob\documents\visual studio 2012\Projects\2DRPGEngine\2DRPGEngine\Debug\link.3484-cvtres.read.1.tlog
C:\Users\jacob\documents\visual studio 2012\Projects\2DRPGEngine\2DRPGEngine\Debug\link.3484-cvtres.write.1.tlog
C:\Users\jacob\documents\visual studio 2012\Projects\2DRPGEngine\2DRPGEngine\Debug\link.3484-rc.read.1.tlog
C:\Users\jacob\documents\visual studio 2012\Projects\2DRPGEngine\2DRPGEngine\Debug\link.3484-rc.write.1.tlog
C:\Users\jacob\documents\visual studio 2012\Projects\2DRPGEngine\2DRPGEngine\Debug\link.3484.read.1.tlog
C:\Users\jacob\documents\visual studio 2012\Projects\2DRPGEngine\2DRPGEngine\Debug\link.3484.write.1.tlog
C:\Users\jacob\documents\visual studio 2012\Projects\2DRPGEngine\2DRPGEngine\Debug\link.3488-cvtres.read.1.tlog
C:\Users\jacob\documents\visual studio 2012\Projects\2DRPGEngine\2DRPGEngine\Debug\link.3488-cvtres.write.1.tlog
C:\Users\jacob\documents\visual studio 2012\Projects\2DRPGEngine\2DRPGEngine\Debug\link.3488-rc.read.1.tlog
C:\Users\jacob\documents\visual studio 2012\Projects\2DRPGEngine\2DRPGEngine\Debug\link.3488-rc.write.1.tlog
C:\Users\jacob\documents\visual studio 2012\Projects\2DRPGEngine\2DRPGEngine\Debug\link.3488.read.1.tlog
C:\Users\jacob\documents\visual studio 2012\Projects\2DRPGEngine\2DRPGEngine\Debug\link.3488.write.1.tlog
C:\Users\jacob\documents\visual studio 2012\Projects\2DRPGEngine\2DRPGEngine\Debug\link.3820.read.1.tlog
C:\Users\jacob\documents\visual studio 2012\Projects\2DRPGEngine\2DRPGEngine\Debug\link.3820.write.1.tlog
C:\Users\jacob\documents\visual studio 2012\Projects\2DRPGEngine\2DRPGEngine\Debug\link.4072-cvtres.read.1.tlog
C:\Users\jacob\documents\visual studio 2012\Projects\2DRPGEngine\2DRPGEngine\Debug\link.4072-cvtres.write.1.tlog
C:\Users\jacob\documents\visual studio 2012\Projects\2DRPGEngine\2DRPGEngine\Debug\link.4072-rc.read.1.tlog
C:\Users\jacob\documents\visual studio 2012\Projects\2DRPGEngine\2DRPGEngine\Debug\link.4072-rc.write.1.tlog
C:\Users\jacob\documents\visual studio 2012\Projects\2DRPGEngine\2DRPGEngine\Debug\link.4072.read.1.tlog
C:\Users\jacob\documents\visual studio 2012\Projects\2DRPGEngine\2DRPGEngine\Debug\link.4072.write.1.tlog
C:\Users\jacob\documents\visual studio 2012\Projects\2DRPGEngine\2DRPGEngine\Debug\link.4100-cvtres.read.1.tlog
C:\Users\jacob\documents\visual studio 2012\Projects\2DRPGEngine\2DRPGEngine\Debug\link.4100-cvtres.write.1.tlog
C:\Users\jacob\documents\visual studio 2012\Projects\2DRPGEngine\2DRPGEngine\Debug\link.4100-rc.read.1.tlog
C:\Users\jacob\documents\visual studio 2012\Projects\2DRPGEngine\2DRPGEngine\Debug\link.4100-rc.write.1.tlog
C:\Users\jacob\documents\visual studio 2012\Projects\2DRPGEngine\2DRPGEngine\Debug\link.4100.read.1.tlog
C:\Users\jacob\documents\visual studio 2012\Projects\2DRPGEngine\2DRPGEngine\Debug\link.4100.write.1.tlog
C:\Users\jacob\documents\visual studio 2012\Projects\2DRPGEngine\2DRPGEngine\Debug\link.4132-cvtres.read.1.tlog
C:\Users\jacob\documents\visual studio 2012\Projects\2DRPGEngine\2DRPGEngine\Debug\link.4132-cvtres.write.1.tlog
C:\Users\jacob\documents\visual studio 2012\Projects\2DRPGEngine\2DRPGEngine\Debug\link.4132-rc.read.1.tlog
C:\Users\jacob\documents\visual studio 2012\Projects\2DRPGEngine\2DRPGEngine\Debug\link.4132-rc.write.1.tlog
C:\Users\jacob\documents\visual studio 2012\Projects\2DRPGEngine\2DRPGEngine\Debug\link.4132.read.1.tlog
C:\Users\jacob\documents\visual studio 2012\Projects\2DRPGEngine\2DRPGEngine\Debug\link.4132.write.1.tlog
C:\Users\jacob\documents\visual studio 2012\Projects\2DRPGEngine\2DRPGEngine\Debug\link.4152-cvtres.read.1.tlog
C:\Users\jacob\documents\visual studio 2012\Projects\2DRPGEngine\2DRPGEngine\Debug\link.4152-cvtres.write.1.tlog
C:\Users\jacob\documents\visual studio 2012\Projects\2DRPGEngine\2DRPGEngine\Debug\link.4152-rc.read.1.tlog
C:\Users\jacob\documents\visual studio 2012\Projects\2DRPGEngine\2DRPGEngine\Debug\link.4152-rc.write.1.tlog
C:\Users\jacob\documents\visual studio 2012\Projects\2DRPGEngine\2DRPGEngine\Debug\link.4152.read.1.tlog
C:\Users\jacob\documents\visual studio 2012\Projects\2DRPGEngine\2DRPGEngine\Debug\link.4152.write.1.tlog
C:\Users\jacob\documents\visual studio 2012\Projects\2DRPGEngine\2DRPGEngine\Debug\link.4256-cvtres.read.1.tlog
C:\Users\jacob\documents\visual studio 2012\Projects\2DRPGEngine\2DRPGEngine\Debug\link.4256-cvtres.write.1.tlog
C:\Users\jacob\documents\visual studio 2012\Projects\2DRPGEngine\2DRPGEngine\Debug\link.4256-rc.read.1.tlog
C:\Users\jacob\documents\visual studio 2012\Projects\2DRPGEngine\2DRPGEngine\Debug\link.4256-rc.write.1.tlog
C:\Users\jacob\documents\visual studio 2012\Projects\2DRPGEngine\2DRPGEngine\Debug\link.4256.read.1.tlog
C:\Users\jacob\documents\visual studio 2012\Projects\2DRPGEngine\2DRPGEngine\Debug\link.4256.write.1.tlog
C:\Users\jacob\documents\visual studio 2012\Projects\2DRPGEngine\2DRPGEngine\Debug\link.4288-cvtres.read.1.tlog
C:\Users\jacob\documents\visual studio 2012\Projects\2DRPGEngine\2DRPGEngine\Debug\link.4288-cvtres.write.1.tlog
C:\Users\jacob\documents\visual studio 2012\Projects\2DRPGEngine\2DRPGEngine\Debug\link.4288-rc.read.1.tlog
C:\Users\jacob\documents\visual studio 2012\Projects\2DRPGEngine\2DRPGEngine\Debug\link.4288-rc.write.1.tlog
C:\Users\jacob\documents\visual studio 2012\Projects\2DRPGEngine\2DRPGEngine\Debug\link.4288.read.1.tlog
C:\Users\jacob\documents\visual studio 2012\Projects\2DRPGEngine\2DRPGEngine\Debug\link.4288.write.1.tlog
C:\Users\jacob\documents\visual studio 2012\Projects\2DRPGEngine\2DRPGEngine\Debug\link.4340-cvtres.read.1.tlog
C:\Users\jacob\documents\visual studio 2012\Projects\2DRPGEngine\2DRPGEngine\Debug\link.4340-cvtres.write.1.tlog
C:\Users\jacob\documents\visual studio 2012\Projects\2DRPGEngine\2DRPGEngine\Debug\link.4340-rc.read.1.tlog
C:\Users\jacob\documents\visual studio 2012\Projects\2DRPGEngine\2DRPGEngine\Debug\link.4340-rc.write.1.tlog
C:\Users\jacob\documents\visual studio 2012\Projects\2DRPGEngine\2DRPGEngine\Debug\link.4340.read.1.tlog
C:\Users\jacob\documents\visual studio 2012\Projects\2DRPGEngine\2DRPGEngine\Debug\link.4340.write.1.tlog
C:\Users\jacob\documents\visual studio 2012\Projects\2DRPGEngine\2DRPGEngine\Debug\link.4416-cvtres.read.1.tlog
C:\Users\jacob\documents\visual studio 2012\Projects\2DRPGEngine\2DRPGEngine\Debug\link.4416-cvtres.write.1.tlog
C:\Users\jacob\documents\visual studio 2012\Projects\2DRPGEngine\2DRPGEngine\Debug\link.4416-rc.read.1.tlog
C:\Users\jacob\documents\visual studio 2012\Projects\2DRPGEngine\2DRPGEngine\Debug\link.4416-rc.write.1.tlog
C:\Users\jacob\documents\visual studio 2012\Projects\2DRPGEngine\2DRPGEngine\Debug\link.4416.read.1.tlog
C:\Users\jacob\documents\visual studio 2012\Projects\2DRPGEngine\2DRPGEngine\Debug\link.4416.write.1.tlog
C:\Users\jacob\documents\visual studio 2012\Projects\2DRPGEngine\2DRPGEngine\Debug\link.4572-cvtres.read.1.tlog
C:\Users\jacob\documents\visual studio 2012\Projects\2DRPGEngine\2DRPGEngine\Debug\link.4572-cvtres.write.1.tlog
C:\Users\jacob\documents\visual studio 2012\Projects\2DRPGEngine\2DRPGEngine\Debug\link.4572-rc.read.1.tlog
C:\Users\jacob\documents\visual studio 2012\Projects\2DRPGEngine\2DRPGEngine\Debug\link.4572-rc.write.1.tlog
C:\Users\jacob\documents\visual studio 2012\Projects\2DRPGEngine\2DRPGEngine\Debug\link.4572.read.1.tlog
C:\Users\jacob\documents\visual studio 2012\Projects\2DRPGEngine\2DRPGEngine\Debug\link.4572.write.1.tlog
C:\Users\jacob\documents\visual studio 2012\Projects\2DRPGEngine\2DRPGEngine\Debug\link.4584-cvtres.read.1.tlog
C:\Users\jacob\documents\visual studio 2012\Projects\2DRPGEngine\2DRPGEngine\Debug\link.4584-cvtres.write.1.tlog
C:\Users\jacob\documents\visual studio 2012\Projects\2DRPGEngine\2DRPGEngine\Debug\link.4584-rc.read.1.tlog
C:\Users\jacob\documents\visual studio 2012\Projects\2DRPGEngine\2DRPGEngine\Debug\link.4584-rc.write.1.tlog
C:\Users\jacob\documents\visual studio 2012\Projects\2DRPGEngine\2DRPGEngine\Debug\link.4584.read.1.tlog
C:\Users\jacob\documents\visual studio 2012\Projects\2DRPGEngine\2DRPGEngine\Debug\link.4584.write.1.tlog
C:\Users\jacob\documents\visual studio 2012\Projects\2DRPGEngine\2DRPGEngine\Debug\link.4632-cvtres.read.1.tlog
C:\Users\jacob\documents\visual studio 2012\Projects\2DRPGEngine\2DRPGEngine\Debug\link.4632-cvtres.write.1.tlog
C:\Users\jacob\documents\visual studio 2012\Projects\2DRPGEngine\2DRPGEngine\Debug\link.4632-rc.read.1.tlog
C:\Users\jacob\documents\visual studio 2012\Projects\2DRPGEngine\2DRPGEngine\Debug\link.4632-rc.write.1.tlog
C:\Users\jacob\documents\visual studio 2012\Projects\2DRPGEngine\2DRPGEngine\Debug\link.4632.read.1.tlog
C:\Users\jacob\documents\visual studio 2012\Projects\2DRPGEngine\2DRPGEngine\Debug\link.4632.write.1.tlog
C:\Users\jacob\documents\visual studio 2012\Projects\2DRPGEngine\2DRPGEngine\Debug\link.5012-cvtres.read.1.tlog
C:\Users\jacob\documents\visual studio 2012\Projects\2DRPGEngine\2DRPGEngine\Debug\link.5012-cvtres.write.1.tlog
C:\Users\jacob\documents\visual studio 2012\Projects\2DRPGEngine\2DRPGEngine\Debug\link.5012-rc.read.1.tlog
C:\Users\jacob\documents\visual studio 2012\Projects\2DRPGEngine\2DRPGEngine\Debug\link.5012-rc.write.1.tlog
C:\Users\jacob\documents\visual studio 2012\Projects\2DRPGEngine\2DRPGEngine\Debug\link.5012.read.1.tlog
C:\Users\jacob\documents\visual studio 2012\Projects\2DRPGEngine\2DRPGEngine\Debug\link.5012.write.1.tlog
C:\Users\jacob\documents\visual studio 2012\Projects\2DRPGEngine\2DRPGEngine\Debug\link.5080-cvtres.read.1.tlog
C:\Users\jacob\documents\visual studio 2012\Projects\2DRPGEngine\2DRPGEngine\Debug\link.5080-cvtres.write.1.tlog
C:\Users\jacob\documents\visual studio 2012\Projects\2DRPGEngine\2DRPGEngine\Debug\link.5080-rc.read.1.tlog
C:\Users\jacob\documents\visual studio 2012\Projects\2DRPGEngine\2DRPGEngine\Debug\link.5080-rc.write.1.tlog
C:\Users\jacob\documents\visual studio 2012\Projects\2DRPGEngine\2DRPGEngine\Debug\link.5080.read.1.tlog
C:\Users\jacob\documents\visual studio 2012\Projects\2DRPGEngine\2DRPGEngine\Debug\link.5080.write.1.tlog
C:\Users\jacob\documents\visual studio 2012\Projects\2DRPGEngine\2DRPGEngine\Debug\link.5116-cvtres.read.1.tlog
C:\Users\jacob\documents\visual studio 2012\Projects\2DRPGEngine\2DRPGEngine\Debug\link.5116-cvtres.write.1.tlog
C:\Users\jacob\documents\visual studio 2012\Projects\2DRPGEngine\2DRPGEngine\Debug\link.5116-rc.read.1.tlog
C:\Users\jacob\documents\visual studio 2012\Projects\2DRPGEngine\2DRPGEngine\Debug\link.5116-rc.write.1.tlog
C:\Users\jacob\documents\visual studio 2012\Projects\2DRPGEngine\2DRPGEngine\Debug\link.5116.read.1.tlog
C:\Users\jacob\documents\visual studio 2012\Projects\2DRPGEngine\2DRPGEngine\Debug\link.5116.write.1.tlog
C:\Users\jacob\documents\visual studio 2012\Projects\2DRPGEngine\2DRPGEngine\Debug\link.5256-cvtres.read.1.tlog
C:\Users\jacob\documents\visual studio 2012\Projects\2DRPGEngine\2DRPGEngine\Debug\link.5256-cvtres.write.1.tlog
C:\Users\jacob\documents\visual studio 2012\Projects\2DRPGEngine\2DRPGEngine\Debug\link.5256-rc.read.1.tlog
C:\Users\jacob\documents\visual studio 2012\Projects\2DRPGEngine\2DRPGEngine\Debug\link.5256-rc.write.1.tlog
C:\Users\jacob\documents\visual studio 2012\Projects\2DRPGEngine\2DRPGEngine\Debug\link.5256.read.1.tlog
C:\Users\jacob\documents\visual studio 2012\Projects\2DRPGEngine\2DRPGEngine\Debug\link.5256.write.1.tlog
C:\Users\jacob\documents\visual studio 2012\Projects\2DRPGEngine\2DRPGEngine\Debug\link.5400-cvtres.read.1.tlog
C:\Users\jacob\documents\visual studio 2012\Projects\2DRPGEngine\2DRPGEngine\Debug\link.5400-cvtres.write.1.tlog
C:\Users\jacob\documents\visual studio 2012\Projects\2DRPGEngine\2DRPGEngine\Debug\link.5400-rc.read.1.tlog
C:\Users\jacob\documents\visual studio 2012\Projects\2DRPGEngine\2DRPGEngine\Debug\link.5400-rc.write.1.tlog
C:\Users\jacob\documents\visual studio 2012\Projects\2DRPGEngine\2DRPGEngine\Debug\link.5400.read.1.tlog
C:\Users\jacob\documents\visual studio 2012\Projects\2DRPGEngine\2DRPGEngine\Debug\link.5400.write.1.tlog
C:\Users\jacob\documents\visual studio 2012\Projects\2DRPGEngine\2DRPGEngine\Debug\link.5436-cvtres.read.1.tlog
C:\Users\jacob\documents\visual studio 2012\Projects\2DRPGEngine\2DRPGEngine\Debug\link.5436-cvtres.write.1.tlog
C:\Users\jacob\documents\visual studio 2012\Projects\2DRPGEngine\2DRPGEngine\Debug\link.5436-rc.read.1.tlog
C:\Users\jacob\documents\visual studio 2012\Projects\2DRPGEngine\2DRPGEngine\Debug\link.5436-rc.write.1.tlog
C:\Users\jacob\documents\visual studio 2012\Projects\2DRPGEngine\2DRPGEngine\Debug\link.5436.read.1.tlog
C:\Users\jacob\documents\visual studio 2012\Projects\2DRPGEngine\2DRPGEngine\Debug\link.5436.write.1.tlog
C:\Users\jacob\documents\visual studio 2012\Projects\2DRPGEngine\2DRPGEngine\Debug\link.5560-cvtres.read.1.tlog
C:\Users\jacob\documents\visual studio 2012\Projects\2DRPGEngine\2DRPGEngine\Debug\link.5560-cvtres.write.1.tlog
C:\Users\jacob\documents\visual studio 2012\Projects\2DRPGEngine\2DRPGEngine\Debug\link.5560-rc.read.1.tlog
C:\Users\jacob\documents\visual studio 2012\Projects\2DRPGEngine\2DRPGEngine\Debug\link.5560-rc.write.1.tlog
C:\Users\jacob\documents\visual studio 2012\Projects\2DRPGEngine\2DRPGEngine\Debug\link.5560.read.1.tlog
C:\Users\jacob\documents\visual studio 2012\Projects\2DRPGEngine\2DRPGEngine\Debug\link.5560.write.1.tlog
C:\Users\jacob\documents\visual studio 2012\Projects\2DRPGEngine\2DRPGEngine\Debug\link.5664-cvtres.read.1.tlog
C:\Users\jacob\documents\visual studio 2012\Projects\2DRPGEngine\2DRPGEngine\Debug\link.5664-cvtres.write.1.tlog
C:\Users\jacob\documents\visual studio 2012\Projects\2DRPGEngine\2DRPGEngine\Debug\link.5664-rc.read.1.tlog
C:\Users\jacob\documents\visual studio 2012\Projects\2DRPGEngine\2DRPGEngine\Debug\link.5664-rc.write.1.tlog
C:\Users\jacob\documents\visual studio 2012\Projects\2DRPGEngine\2DRPGEngine\Debug\link.5664.read.1.tlog
C:\Users\jacob\documents\visual studio 2012\Projects\2DRPGEngine\2DRPGEngine\Debug\link.5664.write.1.tlog
C:\Users\jacob\documents\visual studio 2012\Projects\2DRPGEngine\2DRPGEngine\Debug\link.5792-cvtres.read.1.tlog
C:\Users\jacob\documents\visual studio 2012\Projects\2DRPGEngine\2DRPGEngine\Debug\link.5792-cvtres.write.1.tlog
C:\Users\jacob\documents\visual studio 2012\Projects\2DRPGEngine\2DRPGEngine\Debug\link.5792-rc.read.1.tlog
C:\Users\jacob\documents\visual studio 2012\Projects\2DRPGEngine\2DRPGEngine\Debug\link.5792-rc.write.1.tlog
C:\Users\jacob\documents\visual studio 2012\Projects\2DRPGEngine\2DRPGEngine\Debug\link.5792.read.1.tlog
C:\Users\jacob\documents\visual studio 2012\Projects\2DRPGEngine\2DRPGEngine\Debug\link.5792.write.1.tlog
C:\Users\jacob\documents\visual studio 2012\Projects\2DRPGEngine\2DRPGEngine\Debug\link.6000-cvtres.read.1.tlog
C:\Users\jacob\documents\visual studio 2012\Projects\2DRPGEngine\2DRPGEngine\Debug\link.6000-cvtres.write.1.tlog
C:\Users\jacob\documents\visual studio 2012\Projects\2DRPGEngine\2DRPGEngine\Debug\link.6000-rc.read.1.tlog
C:\Users\jacob\documents\visual studio 2012\Projects\2DRPGEngine\2DRPGEngine\Debug\link.6000-rc.write.1.tlog
C:\Users\jacob\documents\visual studio 2012\Projects\2DRPGEngine\2DRPGEngine\Debug\link.6000.read.1.tlog
C:\Users\jacob\documents\visual studio 2012\Projects\2DRPGEngine\2DRPGEngine\Debug\link.6000.write.1.tlog
C:\Users\jacob\documents\visual studio 2012\Projects\2DRPGEngine\2DRPGEngine\Debug\link.6004-cvtres.read.1.tlog
C:\Users\jacob\documents\visual studio 2012\Projects\2DRPGEngine\2DRPGEngine\Debug\link.6004-cvtres.write.1.tlog
C:\Users\jacob\documents\visual studio 2012\Projects\2DRPGEngine\2DRPGEngine\Debug\link.6004-rc.read.1.tlog
C:\Users\jacob\documents\visual studio 2012\Projects\2DRPGEngine\2DRPGEngine\Debug\link.6004-rc.write.1.tlog
C:\Users\jacob\documents\visual studio 2012\Projects\2DRPGEngine\2DRPGEngine\Debug\link.6004.read.1.tlog
C:\Users\jacob\documents\visual studio 2012\Projects\2DRPGEngine\2DRPGEngine\Debug\link.6004.write.1.tlog
C:\Users\jacob\documents\visual studio 2012\Projects\2DRPGEngine\2DRPGEngine\Debug\link.6128-cvtres.read.1.tlog
C:\Users\jacob\documents\visual studio 2012\Projects\2DRPGEngine\2DRPGEngine\Debug\link.6128-cvtres.write.1.tlog
C:\Users\jacob\documents\visual studio 2012\Projects\2DRPGEngine\2DRPGEngine\Debug\link.6128-rc.read.1.tlog
C:\Users\jacob\documents\visual studio 2012\Projects\2DRPGEngine\2DRPGEngine\Debug\link.6128-rc.write.1.tlog
C:\Users\jacob\documents\visual studio 2012\Projects\2DRPGEngine\2DRPGEngine\Debug\link.6128.read.1.tlog
C:\Users\jacob\documents\visual studio 2012\Projects\2DRPGEngine\2DRPGEngine\Debug\link.6128.write.1.tlog
C:\Users\jacob\documents\visual studio 2012\Projects\2DRPGEngine\2DRPGEngine\Debug\link.6140-cvtres.read.1.tlog
C:\Users\jacob\documents\visual studio 2012\Projects\2DRPGEngine\2DRPGEngine\Debug\link.6140-cvtres.write.1.tlog
C:\Users\jacob\documents\visual studio 2012\Projects\2DRPGEngine\2DRPGEngine\Debug\link.6140-rc.read.1.tlog
C:\Users\jacob\documents\visual studio 2012\Projects\2DRPGEngine\2DRPGEngine\Debug\link.6140-rc.write.1.tlog
C:\Users\jacob\documents\visual studio 2012\Projects\2DRPGEngine\2DRPGEngine\Debug\link.6140.read.1.tlog
C:\Users\jacob\documents\visual studio 2012\Projects\2DRPGEngine\2DRPGEngine\Debug\link.6140.write.1.tlog
C:\Users\jacob\documents\visual studio 2012\Projects\2DRPGEngine\2DRPGEngine\Debug\link.6212-cvtres.read.1.tlog
C:\Users\jacob\documents\visual studio 2012\Projects\2DRPGEngine\2DRPGEngine\Debug\link.6212-cvtres.write.1.tlog
C:\Users\jacob\documents\visual studio 2012\Projects\2DRPGEngine\2DRPGEngine\Debug\link.6212-rc.read.1.tlog
C:\Users\jacob\documents\visual studio 2012\Projects\2DRPGEngine\2DRPGEngine\Debug\link.6212-rc.write.1.tlog
C:\Users\jacob\documents\visual studio 2012\Projects\2DRPGEngine\2DRPGEngine\Debug\link.6212.read.1.tlog
C:\Users\jacob\documents\visual studio 2012\Projects\2DRPGEngine\2DRPGEngine\Debug\link.6212.write.1.tlog
C:\Users\jacob\documents\visual studio 2012\Projects\2DRPGEngine\2DRPGEngine\Debug\link.6224-cvtres.read.1.tlog
C:\Users\jacob\documents\visual studio 2012\Projects\2DRPGEngine\2DRPGEngine\Debug\link.6224-cvtres.write.1.tlog
C:\Users\jacob\documents\visual studio 2012\Projects\2DRPGEngine\2DRPGEngine\Debug\link.6224-rc.read.1.tlog
C:\Users\jacob\documents\visual studio 2012\Projects\2DRPGEngine\2DRPGEngine\Debug\link.6224-rc.write.1.tlog
C:\Users\jacob\documents\visual studio 2012\Projects\2DRPGEngine\2DRPGEngine\Debug\link.6224.read.1.tlog
C:\Users\jacob\documents\visual studio 2012\Projects\2DRPGEngine\2DRPGEngine\Debug\link.6224.write.1.tlog
C:\Users\jacob\documents\visual studio 2012\Projects\2DRPGEngine\2DRPGEngine\Debug\link.6408-cvtres.read.1.tlog
C:\Users\jacob\documents\visual studio 2012\Projects\2DRPGEngine\2DRPGEngine\Debug\link.6408-cvtres.write.1.tlog
C:\Users\jacob\documents\visual studio 2012\Projects\2DRPGEngine\2DRPGEngine\Debug\link.6408-rc.read.1.tlog
C:\Users\jacob\documents\visual studio 2012\Projects\2DRPGEngine\2DRPGEngine\Debug\link.6408-rc.write.1.tlog
C:\Users\jacob\documents\visual studio 2012\Projects\2DRPGEngine\2DRPGEngine\Debug\link.6408.read.1.tlog
C:\Users\jacob\documents\visual studio 2012\Projects\2DRPGEngine\2DRPGEngine\Debug\link.6408.write.1.tlog
C:\Users\jacob\documents\visual studio 2012\Projects\2DRPGEngine\2DRPGEngine\Debug\link.6424-cvtres.read.1.tlog
C:\Users\jacob\documents\visual studio 2012\Projects\2DRPGEngine\2DRPGEngine\Debug\link.6424-cvtres.write.1.tlog
C:\Users\jacob\documents\visual studio 2012\Projects\2DRPGEngine\2DRPGEngine\Debug\link.6424-rc.read.1.tlog
C:\Users\jacob\documents\visual studio 2012\Projects\2DRPGEngine\2DRPGEngine\Debug\link.6424-rc.write.1.tlog
C:\Users\jacob\documents\visual studio 2012\Projects\2DRPGEngine\2DRPGEngine\Debug\link.6424.read.1.tlog
C:\Users\jacob\documents\visual studio 2012\Projects\2DRPGEngine\2DRPGEngine\Debug\link.6424.write.1.tlog
C:\Users\jacob\documents\visual studio 2012\Projects\2DRPGEngine\2DRPGEngine\Debug\link.644-cvtres.read.1.tlog
C:\Users\jacob\documents\visual studio 2012\Projects\2DRPGEngine\2DRPGEngine\Debug\link.644-cvtres.write.1.tlog
C:\Users\jacob\documents\visual studio 2012\Projects\2DRPGEngine\2DRPGEngine\Debug\link.644-rc.read.1.tlog
C:\Users\jacob\documents\visual studio 2012\Projects\2DRPGEngine\2DRPGEngine\Debug\link.644-rc.write.1.tlog
C:\Users\jacob\documents\visual studio 2012\Projects\2DRPGEngine\2DRPGEngine\Debug\link.644.read.1.tlog
C:\Users\jacob\documents\visual studio 2012\Projects\2DRPGEngine\2DRPGEngine\Debug\link.644.write.1.tlog
C:\Users\jacob\documents\visual studio 2012\Projects\2DRPGEngine\2DRPGEngine\Debug\link.6584-cvtres.read.1.tlog
C:\Users\jacob\documents\visual studio 2012\Projects\2DRPGEngine\2DRPGEngine\Debug\link.6584-cvtres.write.1.tlog
C:\Users\jacob\documents\visual studio 2012\Projects\2DRPGEngine\2DRPGEngine\Debug\link.6584-rc.read.1.tlog
C:\Users\jacob\documents\visual studio 2012\Projects\2DRPGEngine\2DRPGEngine\Debug\link.6584-rc.write.1.tlog
C:\Users\jacob\documents\visual studio 2012\Projects\2DRPGEngine\2DRPGEngine\Debug\link.6584.read.1.tlog
C:\Users\jacob\documents\visual studio 2012\Projects\2DRPGEngine\2DRPGEngine\Debug\link.6584.write.1.tlog
C:\Users\jacob\documents\visual studio 2012\Projects\2DRPGEngine\2DRPGEngine\Debug\link.6644-cvtres.read.1.tlog
C:\Users\jacob\documents\visual studio 2012\Projects\2DRPGEngine\2DRPGEngine\Debug\link.6644-cvtres.write.1.tlog
C:\Users\jacob\documents\visual studio 2012\Projects\2DRPGEngine\2DRPGEngine\Debug\link.6644-rc.read.1.tlog
C:\Users\jacob\documents\visual studio 2012\Projects\2DRPGEngine\2DRPGEngine\Debug\link.6644-rc.write.1.tlog
C:\Users\jacob\documents\visual studio 2012\Projects\2DRPGEngine\2DRPGEngine\Debug\link.6644.read.1.tlog
C:\Users\jacob\documents\visual studio 2012\Projects\2DRPGEngine\2DRPGEngine\Debug\link.6644.write.1.tlog
C:\Users\jacob\documents\visual studio 2012\Projects\2DRPGEngine\2DRPGEngine\Debug\link.6960-cvtres.read.1.tlog
C:\Users\jacob\documents\visual studio 2012\Projects\2DRPGEngine\2DRPGEngine\Debug\link.6960-cvtres.write.1.tlog
C:\Users\jacob\documents\visual studio 2012\Projects\2DRPGEngine\2DRPGEngine\Debug\link.6960-rc.read.1.tlog
C:\Users\jacob\documents\visual studio 2012\Projects\2DRPGEngine\2DRPGEngine\Debug\link.6960-rc.write.1.tlog
C:\Users\jacob\documents\visual studio 2012\Projects\2DRPGEngine\2DRPGEngine\Debug\link.6960.read.1.tlog
C:\Users\jacob\documents\visual studio 2012\Projects\2DRPGEngine\2DRPGEngine\Debug\link.6960.write.1.tlog
C:\Users\jacob\documents\visual studio 2012\Projects\2DRPGEngine\2DRPGEngine\Debug\link.7156-cvtres.read.1.tlog
C:\Users\jacob\documents\visual studio 2012\Projects\2DRPGEngine\2DRPGEngine\Debug\link.7156-cvtres.write.1.tlog
C:\Users\jacob\documents\visual studio 2012\Projects\2DRPGEngine\2DRPGEngine\Debug\link.7156-rc.read.1.tlog
C:\Users\jacob\documents\visual studio 2012\Projects\2DRPGEngine\2DRPGEngine\Debug\link.7156-rc.write.1.tlog
C:\Users\jacob\documents\visual studio 2012\Projects\2DRPGEngine\2DRPGEngine\Debug\link.7156.read.1.tlog
C:\Users\jacob\documents\visual studio 2012\Projects\2DRPGEngine\2DRPGEngine\Debug\link.7156.write.1.tlog
C:\Users\jacob\documents\visual studio 2012\Projects\2DRPGEngine\2DRPGEngine\Debug\link.7272-cvtres.read.1.tlog
C:\Users\jacob\documents\visual studio 2012\Projects\2DRPGEngine\2DRPGEngine\Debug\link.7272-cvtres.write.1.tlog
C:\Users\jacob\documents\visual studio 2012\Projects\2DRPGEngine\2DRPGEngine\Debug\link.7272-rc.read.1.tlog
C:\Users\jacob\documents\visual studio 2012\Projects\2DRPGEngine\2DRPGEngine\Debug\link.7272-rc.write.1.tlog
C:\Users\jacob\documents\visual studio 2012\Projects\2DRPGEngine\2DRPGEngine\Debug\link.7272.read.1.tlog
C:\Users\jacob\documents\visual studio 2012\Projects\2DRPGEngine\2DRPGEngine\Debug\link.7272.write.1.tlog
C:\Users\jacob\documents\visual studio 2012\Projects\2DRPGEngine\2DRPGEngine\Debug\link.7468-cvtres.read.1.tlog
C:\Users\jacob\documents\visual studio 2012\Projects\2DRPGEngine\2DRPGEngine\Debug\link.7468-cvtres.write.1.tlog
C:\Users\jacob\documents\visual studio 2012\Projects\2DRPGEngine\2DRPGEngine\Debug\link.7468-rc.read.1.tlog
C:\Users\jacob\documents\visual studio 2012\Projects\2DRPGEngine\2DRPGEngine\Debug\link.7468-rc.write.1.tlog
C:\Users\jacob\documents\visual studio 2012\Projects\2DRPGEngine\2DRPGEngine\Debug\link.7468.read.1.tlog
C:\Users\jacob\documents\visual studio 2012\Projects\2DRPGEngine\2DRPGEngine\Debug\link.7468.write.1.tlog
C:\Users\jacob\documents\visual studio 2012\Projects\2DRPGEngine\2DRPGEngine\Debug\link.7672-cvtres.read.1.tlog
C:\Users\jacob\documents\visual studio 2012\Projects\2DRPGEngine\2DRPGEngine\Debug\link.7672-cvtres.write.1.tlog
C:\Users\jacob\documents\visual studio 2012\Projects\2DRPGEngine\2DRPGEngine\Debug\link.7672-rc.read.1.tlog
C:\Users\jacob\documents\visual studio 2012\Projects\2DRPGEngine\2DRPGEngine\Debug\link.7672-rc.write.1.tlog
C:\Users\jacob\documents\visual studio 2012\Projects\2DRPGEngine\2DRPGEngine\Debug\link.7672.read.1.tlog
C:\Users\jacob\documents\visual studio 2012\Projects\2DRPGEngine\2DRPGEngine\Debug\link.7672.write.1.tlog
C:\Users\jacob\documents\visual studio 2012\Projects\2DRPGEngine\2DRPGEngine\Debug\link.7752-cvtres.read.1.tlog
C:\Users\jacob\documents\visual studio 2012\Projects\2DRPGEngine\2DRPGEngine\Debug\link.7752-cvtres.write.1.tlog
C:\Users\jacob\documents\visual studio 2012\Projects\2DRPGEngine\2DRPGEngine\Debug\link.7752-rc.read.1.tlog
C:\Users\jacob\documents\visual studio 2012\Projects\2DRPGEngine\2DRPGEngine\Debug\link.7752-rc.write.1.tlog
C:\Users\jacob\documents\visual studio 2012\Projects\2DRPGEngine\2DRPGEngine\Debug\link.7752.read.1.tlog
C:\Users\jacob\documents\visual studio 2012\Projects\2DRPGEngine\2DRPGEngine\Debug\link.7752.write.1.tlog
C:\Users\jacob\documents\visual studio 2012\Projects\2DRPGEngine\2DRPGEngine\Debug\link.7904-cvtres.read.1.tlog
C:\Users\jacob\documents\visual studio 2012\Projects\2DRPGEngine\2DRPGEngine\Debug\link.7904-cvtres.write.1.tlog
C:\Users\jacob\documents\visual studio 2012\Projects\2DRPGEngine\2DRPGEngine\Debug\link.7904-rc.read.1.tlog
C:\Users\jacob\documents\visual studio 2012\Projects\2DRPGEngine\2DRPGEngine\Debug\link.7904-rc.write.1.tlog
C:\Users\jacob\documents\visual studio 2012\Projects\2DRPGEngine\2DRPGEngine\Debug\link.7904.read.1.tlog
C:\Users\jacob\documents\visual studio 2012\Projects\2DRPGEngine\2DRPGEngine\Debug\link.7904.write.1.tlog
C:\Users\jacob\documents\visual studio 2012\Projects\2DRPGEngine\2DRPGEngine\Debug\link.7968-cvtres.read.1.tlog
C:\Users\jacob\documents\visual studio 2012\Projects\2DRPGEngine\2DRPGEngine\Debug\link.7968-cvtres.write.1.tlog
C:\Users\jacob\documents\visual studio 2012\Projects\2DRPGEngine\2DRPGEngine\Debug\link.7968-rc.read.1.tlog
C:\Users\jacob\documents\visual studio 2012\Projects\2DRPGEngine\2DRPGEngine\Debug\link.7968-rc.write.1.tlog
C:\Users\jacob\documents\visual studio 2012\Projects\2DRPGEngine\2DRPGEngine\Debug\link.7968.read.1.tlog
C:\Users\jacob\documents\visual studio 2012\Projects\2DRPGEngine\2DRPGEngine\Debug\link.7968.write.1.tlog
C:\Users\jacob\documents\visual studio 2012\Projects\2DRPGEngine\2DRPGEngine\Debug\link.8060-cvtres.read.1.tlog
C:\Users\jacob\documents\visual studio 2012\Projects\2DRPGEngine\2DRPGEngine\Debug\link.8060-cvtres.write.1.tlog
C:\Users\jacob\documents\visual studio 2012\Projects\2DRPGEngine\2DRPGEngine\Debug\link.8060-rc.read.1.tlog
C:\Users\jacob\documents\visual studio 2012\Projects\2DRPGEngine\2DRPGEngine\Debug\link.8060-rc.write.1.tlog
C:\Users\jacob\documents\visual studio 2012\Projects\2DRPGEngine\2DRPGEngine\Debug\link.8060.read.1.tlog
C:\Users\jacob\documents\visual studio 2012\Projects\2DRPGEngine\2DRPGEngine\Debug\link.8060.write.1.tlog
C:\Users\jacob\documents\visual studio 2012\Projects\2DRPGEngine\2DRPGEngine\Debug\link.8208-cvtres.read.1.tlog
C:\Users\jacob\documents\visual studio 2012\Projects\2DRPGEngine\2DRPGEngine\Debug\link.8208-cvtres.write.1.tlog
C:\Users\jacob\documents\visual studio 2012\Projects\2DRPGEngine\2DRPGEngine\Debug\link.8208-rc.read.1.tlog
C:\Users\jacob\documents\visual studio 2012\Projects\2DRPGEngine\2DRPGEngine\Debug\link.8208-rc.write.1.tlog
C:\Users\jacob\documents\visual studio 2012\Projects\2DRPGEngine\2DRPGEngine\Debug\link.8208.read.1.tlog
C:\Users\jacob\documents\visual studio 2012\Projects\2DRPGEngine\2DRPGEngine\Debug\link.8208.write.1.tlog
C:\Users\jacob\documents\visual studio 2012\Projects\2DRPGEngine\2DRPGEngine\Debug\link.8236-cvtres.read.1.tlog
C:\Users\jacob\documents\visual studio 2012\Projects\2DRPGEngine\2DRPGEngine\Debug\link.8236-cvtres.write.1.tlog
C:\Users\jacob\documents\visual studio 2012\Projects\2DRPGEngine\2DRPGEngine\Debug\link.8236-rc.read.1.tlog
C:\Users\jacob\documents\visual studio 2012\Projects\2DRPGEngine\2DRPGEngine\Debug\link.8236-rc.write.1.tlog
C:\Users\jacob\documents\visual studio 2012\Projects\2DRPGEngine\2DRPGEngine\Debug\link.8236.read.1.tlog
C:\Users\jacob\documents\visual studio 2012\Projects\2DRPGEngine\2DRPGEngine\Debug\link.8236.write.1.tlog
C:\Users\jacob\documents\visual studio 2012\Projects\2DRPGEngine\2DRPGEngine\Debug\link.8400-cvtres.read.1.tlog
C:\Users\jacob\documents\visual studio 2012\Projects\2DRPGEngine\2DRPGEngine\Debug\link.8400-cvtres.write.1.tlog
C:\Users\jacob\documents\visual studio 2012\Projects\2DRPGEngine\2DRPGEngine\Debug\link.8400-rc.read.1.tlog
C:\Users\jacob\documents\visual studio 2012\Projects\2DRPGEngine\2DRPGEngine\Debug\link.8400-rc.write.1.tlog
C:\Users\jacob\documents\visual studio 2012\Projects\2DRPGEngine\2DRPGEngine\Debug\link.8400.read.1.tlog
C:\Users\jacob\documents\visual studio 2012\Projects\2DRPGEngine\2DRPGEngine\Debug\link.8400.write.1.tlog
C:\Users\jacob\documents\visual studio 2012\Projects\2DRPGEngine\2DRPGEngine\Debug\link.8500-cvtres.read.1.tlog
C:\Users\jacob\documents\visual studio 2012\Projects\2DRPGEngine\2DRPGEngine\Debug\link.8500-cvtres.write.1.tlog
C:\Users\jacob\documents\visual studio 2012\Projects\2DRPGEngine\2DRPGEngine\Debug\link.8500-rc.read.1.tlog
C:\Users\jacob\documents\visual studio 2012\Projects\2DRPGEngine\2DRPGEngine\Debug\link.8500-rc.write.1.tlog
C:\Users\jacob\documents\visual studio 2012\Projects\2DRPGEngine\2DRPGEngine\Debug\link.8500.read.1.tlog
C:\Users\jacob\documents\visual studio 2012\Projects\2DRPGEngine\2DRPGEngine\Debug\link.8500.write.1.tlog
C:\Users\jacob\documents\visual studio 2012\Projects\2DRPGEngine\2DRPGEngine\Debug\link.8572-cvtres.read.1.tlog
C:\Users\jacob\documents\visual studio 2012\Projects\2DRPGEngine\2DRPGEngine\Debug\link.8572-cvtres.write.1.tlog
C:\Users\jacob\documents\visual studio 2012\Projects\2DRPGEngine\2DRPGEngine\Debug\link.8572-rc.read.1.tlog
C:\Users\jacob\documents\visual studio 2012\Projects\2DRPGEngine\2DRPGEngine\Debug\link.8572-rc.write.1.tlog
C:\Users\jacob\documents\visual studio 2012\Projects\2DRPGEngine\2DRPGEngine\Debug\link.8572.read.1.tlog
C:\Users\jacob\documents\visual studio 2012\Projects\2DRPGEngine\2DRPGEngine\Debug\link.8572.write.1.tlog
C:\Users\jacob\documents\visual studio 2012\Projects\2DRPGEngine\2DRPGEngine\Debug\link.8708-cvtres.read.1.tlog
C:\Users\jacob\documents\visual studio 2012\Projects\2DRPGEngine\2DRPGEngine\Debug\link.8708-cvtres.write.1.tlog
C:\Users\jacob\documents\visual studio 2012\Projects\2DRPGEngine\2DRPGEngine\Debug\link.8708-rc.read.1.tlog
C:\Users\jacob\documents\visual studio 2012\Projects\2DRPGEngine\2DRPGEngine\Debug\link.8708-rc.write.1.tlog
C:\Users\jacob\documents\visual studio 2012\Projects\2DRPGEngine\2DRPGEngine\Debug\link.8708.read.1.tlog
C:\Users\jacob\documents\visual studio 2012\Projects\2DRPGEngine\2DRPGEngine\Debug\link.8708.write.1.tlog
C:\Users\jacob\documents\visual studio 2012\Projects\2DRPGEngine\2DRPGEngine\Debug\link.8776-cvtres.read.1.tlog
C:\Users\jacob\documents\visual studio 2012\Projects\2DRPGEngine\2DRPGEngine\Debug\link.8776-cvtres.write.1.tlog
C:\Users\jacob\documents\visual studio 2012\Projects\2DRPGEngine\2DRPGEngine\Debug\link.8776-rc.read.1.tlog
C:\Users\jacob\documents\visual studio 2012\Projects\2DRPGEngine\2DRPGEngine\Debug\link.8776-rc.write.1.tlog
C:\Users\jacob\documents\visual studio 2012\Projects\2DRPGEngine\2DRPGEngine\Debug\link.8776.read.1.tlog
C:\Users\jacob\documents\visual studio 2012\Projects\2DRPGEngine\2DRPGEngine\Debug\link.8776.write.1.tlog
C:\Users\jacob\documents\visual studio 2012\Projects\2DRPGEngine\2DRPGEngine\Debug\link.8796-cvtres.read.1.tlog
C:\Users\jacob\documents\visual studio 2012\Projects\2DRPGEngine\2DRPGEngine\Debug\link.8796-cvtres.write.1.tlog
C:\Users\jacob\documents\visual studio 2012\Projects\2DRPGEngine\2DRPGEngine\Debug\link.8796-rc.read.1.tlog
C:\Users\jacob\documents\visual studio 2012\Projects\2DRPGEngine\2DRPGEngine\Debug\link.8796-rc.write.1.tlog
C:\Users\jacob\documents\visual studio 2012\Projects\2DRPGEngine\2DRPGEngine\Debug\link.8796.read.1.tlog
C:\Users\jacob\documents\visual studio 2012\Projects\2DRPGEngine\2DRPGEngine\Debug\link.8796.write.1.tlog
C:\Users\jacob\documents\visual studio 2012\Projects\2DRPGEngine\2DRPGEngine\Debug\link.8848-cvtres.read.1.tlog
C:\Users\jacob\documents\visual studio 2012\Projects\2DRPGEngine\2DRPGEngine\Debug\link.8848-cvtres.write.1.tlog
C:\Users\jacob\documents\visual studio 2012\Projects\2DRPGEngine\2DRPGEngine\Debug\link.8848-rc.read.1.tlog
C:\Users\jacob\documents\visual studio 2012\Projects\2DRPGEngine\2DRPGEngine\Debug\link.8848-rc.write.1.tlog
C:\Users\jacob\documents\visual studio 2012\Projects\2DRPGEngine\2DRPGEngine\Debug\link.8848.read.1.tlog
C:\Users\jacob\documents\visual studio 2012\Projects\2DRPGEngine\2DRPGEngine\Debug\link.8848.write.1.tlog
C:\Users\jacob\documents\visual studio 2012\Projects\2DRPGEngine\2DRPGEngine\Debug\link.9044-cvtres.read.1.tlog
C:\Users\jacob\documents\visual studio 2012\Projects\2DRPGEngine\2DRPGEngine\Debug\link.9044-cvtres.write.1.tlog
C:\Users\jacob\documents\visual studio 2012\Projects\2DRPGEngine\2DRPGEngine\Debug\link.9044-rc.read.1.tlog
C:\Users\jacob\documents\visual studio 2012\Projects\2DRPGEngine\2DRPGEngine\Debug\link.9044-rc.write.1.tlog
C:\Users\jacob\documents\visual studio 2012\Projects\2DRPGEngine\2DRPGEngine\Debug\link.9044.read.1.tlog
C:\Users\jacob\documents\visual studio 2012\Projects\2DRPGEngine\2DRPGEngine\Debug\link.9044.write.1.tlog
C:\Users\jacob\documents\visual studio 2012\Projects\2DRPGEngine\2DRPGEngine\Debug\link.9096-cvtres.read.1.tlog
C:\Users\jacob\documents\visual studio 2012\Projects\2DRPGEngine\2DRPGEngine\Debug\link.9096-cvtres.write.1.tlog
C:\Users\jacob\documents\visual studio 2012\Projects\2DRPGEngine\2DRPGEngine\Debug\link.9096-rc.read.1.tlog
C:\Users\jacob\documents\visual studio 2012\Projects\2DRPGEngine\2DRPGEngine\Debug\link.9096-rc.write.1.tlog
C:\Users\jacob\documents\visual studio 2012\Projects\2DRPGEngine\2DRPGEngine\Debug\link.9096.read.1.tlog
C:\Users\jacob\documents\visual studio 2012\Projects\2DRPGEngine\2DRPGEngine\Debug\link.9096.write.1.tlog
C:\Users\jacob\documents\visual studio 2012\Projects\2DRPGEngine\2DRPGEngine\Debug\link.9124-cvtres.read.1.tlog
C:\Users\jacob\documents\visual studio 2012\Projects\2DRPGEngine\2DRPGEngine\Debug\link.9124-cvtres.write.1.tlog
C:\Users\jacob\documents\visual studio 2012\Projects\2DRPGEngine\2DRPGEngine\Debug\link.9124-rc.read.1.tlog
C:\Users\jacob\documents\visual studio 2012\Projects\2DRPGEngine\2DRPGEngine\Debug\link.9124-rc.write.1.tlog
C:\Users\jacob\documents\visual studio 2012\Projects\2DRPGEngine\2DRPGEngine\Debug\link.9124.read.1.tlog
C:\Users\jacob\documents\visual studio 2012\Projects\2DRPGEngine\2DRPGEngine\Debug\link.9124.write.1.tlog
C:\Users\jacob\documents\visual studio 2012\Projects\2DRPGEngine\2DRPGEngine\Debug\link.936-cvtres.read.1.tlog
C:\Users\jacob\documents\visual studio 2012\Projects\2DRPGEngine\2DRPGEngine\Debug\link.936-cvtres.write.1.tlog
C:\Users\jacob\documents\visual studio 2012\Projects\2DRPGEngine\2DRPGEngine\Debug\link.936-rc.read.1.tlog
C:\Users\jacob\documents\visual studio 2012\Projects\2DRPGEngine\2DRPGEngine\Debug\link.936-rc.write.1.tlog
C:\Users\jacob\documents\visual studio 2012\Projects\2DRPGEngine\2DRPGEngine\Debug\link.936.read.1.tlog
C:\Users\jacob\documents\visual studio 2012\Projects\2DRPGEngine\2DRPGEngine\Debug\link.936.write.1.tlog
C:\Users\jacob\documents\visual studio 2012\Projects\2DRPGEngine\2DRPGEngine\Debug\link.command.1.tlog
C:\Users\jacob\documents\visual studio 2012\Projects\2DRPGEngine\2DRPGEngine\Debug\link.read.1.tlog
C:\Users\jacob\documents\visual studio 2012\Projects\2DRPGEngine\2DRPGEngine\Debug\link.write.1.tlog
C:\Users\jacob\documents\visual studio 2012\Projects\2DRPGEngine\2DRPGEngine\Debug\metagen.read.1.tlog
C:\Users\jacob\documents\visual studio 2012\Projects\2DRPGEngine\2DRPGEngine\Debug\metagen.write.1.tlog
C:\Users\jacob\documents\visual studio 2012\Projects\2DRPGEngine\2DRPGEngine\Debug\rc.command.1.tlog
C:\Users\jacob\documents\visual studio 2012\Projects\2DRPGEngine\2DRPGEngine\Debug\rc.read.1.tlog
C:\Users\jacob\documents\visual studio 2012\Projects\2DRPGEngine\2DRPGEngine\Debug\rc.write.1.tlog
C:\Users\jacob\documents\visual studio 2012\Projects\2DRPGEngine\2DRPGEngine\Debug\app.res
C:\Users\jacob\documents\visual studio 2012\Projects\2DRPGEngine\2DRPGEngine\Debug\2DRPGEngine.pch
C:\Users\jacob\documents\visual studio 2012\Projects\2DRPGEngine\2DRPGEngine\Debug\vc110.pdb
C:\Users\jacob\documents\visual studio 2012\Projects\2DRPGEngine\2DRPGEngine\Debug\RSAENH.DLL.bi
C:\Users\jacob\documents\visual studio 2012\Projects\2DRPGEngine\2DRPGEngine\Debug\TZRES.DLL.bi
C:\Users\jacob\documents\visual studio 2012\Projects\2DRPGEngine\Debug\2DRPGEngine.pdb
C:\Users\jacob\documents\visual studio 2012\Projects\2DRPGEngine\Debug\2DRPGEngine.exe
C:\Users\jacob\documents\visual studio 2012\Projects\2DRPGEngine\Debug\2DRPGEngine.ilk
